{
  "stats": {
    "suites": 1,
    "tests": 5,
    "passes": 5,
    "pending": 0,
    "failures": 0,
    "start": "2021-02-01T07:45:39.836Z",
    "end": "2021-02-01T07:45:41.517Z",
    "duration": 1681,
    "testsRegistered": 5,
    "passPercent": 100,
    "pendingPercent": 0,
    "other": 0,
    "hasOther": false,
    "skipped": 0,
    "hasSkipped": false
  },
  "results": [
    {
      "uuid": "9e98328f-ae03-40b4-97d0-489c4af8140e",
      "title": "",
      "fullFile": "cypress/integration/backend-auth.spec.js",
      "file": "cypress/integration/backend-auth.spec.js",
      "beforeHooks": [],
      "afterHooks": [],
      "tests": [],
      "suites": [
        {
          "uuid": "ec566179-2ed4-4316-8fd5-d690c78fc48f",
          "title": "test cases",
          "fullFile": "",
          "file": "",
          "beforeHooks": [],
          "afterHooks": [],
          "tests": [
            {
              "title": "Create a new client",
              "fullTitle": "test cases Create a new client",
              "timedOut": null,
              "duration": 563,
              "state": "passed",
              "speed": "slow",
              "pass": true,
              "fail": false,
              "pending": false,
              "context": null,
              "code": "clientHelpers.createClientRequest(cy);",
              "err": {},
              "uuid": "e40ff222-e97b-4b55-9b78-20c006d72540",
              "parentUUID": "ec566179-2ed4-4316-8fd5-d690c78fc48f",
              "isHook": false,
              "skipped": false
            },
            {
              "title": "Get all clients",
              "fullTitle": "test cases Get all clients",
              "timedOut": null,
              "duration": 524,
              "state": "passed",
              "speed": "slow",
              "pass": true,
              "fail": false,
              "pending": false,
              "context": null,
              "code": "clientHelpers.getAllClietsRequest(cy);",
              "err": {},
              "uuid": "b65b26b9-4c57-4841-bafb-3f97a9342304",
              "parentUUID": "ec566179-2ed4-4316-8fd5-d690c78fc48f",
              "isHook": false,
              "skipped": false
            },
            {
              "title": "Edit client",
              "fullTitle": "test cases Edit client",
              "timedOut": null,
              "duration": 26,
              "state": "passed",
              "speed": "fast",
              "pass": true,
              "fail": false,
              "pending": false,
              "context": null,
              "code": "clientHelpers.editRequestAfterGet(cy);",
              "err": {},
              "uuid": "9fd117d7-671d-47c6-b70e-1d19c59e6067",
              "parentUUID": "ec566179-2ed4-4316-8fd5-d690c78fc48f",
              "isHook": false,
              "skipped": false
            },
            {
              "title": "Create a new room",
              "fullTitle": "test cases Create a new room",
              "timedOut": null,
              "duration": 522,
              "state": "passed",
              "speed": "slow",
              "pass": true,
              "fail": false,
              "pending": false,
              "context": null,
              "code": "roomHelpers.createRoomRequests(cy);",
              "err": {},
              "uuid": "852173fa-2c16-47b7-87c8-c98c32b4dcc5",
              "parentUUID": "ec566179-2ed4-4316-8fd5-d690c78fc48f",
              "isHook": false,
              "skipped": false
            },
            {
              "title": "Delete room",
              "fullTitle": "test cases Delete room",
              "timedOut": null,
              "duration": 20,
              "state": "passed",
              "speed": "fast",
              "pass": true,
              "fail": false,
              "pending": false,
              "context": null,
              "code": "roomHelpers.deleteRoom(cy);",
              "err": {},
              "uuid": "bb2a712d-b5c4-4626-b607-f05189fc192e",
              "parentUUID": "ec566179-2ed4-4316-8fd5-d690c78fc48f",
              "isHook": false,
              "skipped": false
            }
          ],
          "suites": [],
          "passes": [
            "e40ff222-e97b-4b55-9b78-20c006d72540",
            "b65b26b9-4c57-4841-bafb-3f97a9342304",
            "9fd117d7-671d-47c6-b70e-1d19c59e6067",
            "852173fa-2c16-47b7-87c8-c98c32b4dcc5",
            "bb2a712d-b5c4-4626-b607-f05189fc192e"
          ],
          "failures": [],
          "pending": [],
          "skipped": [],
          "duration": 1655,
          "root": false,
          "rootEmpty": false,
          "_timeout": 2000
        }
      ],
      "passes": [],
      "failures": [],
      "pending": [],
      "skipped": [],
      "duration": 0,
      "root": true,
      "rootEmpty": true,
      "_timeout": 2000
    }
  ],
  "meta": {
    "mocha": {
      "version": "7.0.1"
    },
    "mochawesome": {
      "options": {
        "quiet": false,
        "reportFilename": "mochawesome",
        "saveHtml": false,
        "saveJson": true,
        "consoleReporter": "spec",
        "useInlineDiffs": false,
        "code": true
      },
      "version": "6.2.1"
    },
    "marge": {
      "options": {
        "charts": true,
        "overwrite": false,
        "html": false,
        "json": true,
        "reportDir": "backend-tests/cypress/report/mochawesome-report"
      },
      "version": "5.1.0"
    }
  }
}